<?xml version="1.0" encoding="UTF-8"?>
<testng-results skipped="0" failed="0" ignored="0" total="1" passed="1">
  <reporter-output>
    <line>
      <![CDATA[welcome to testing]]>
    </line>
  </reporter-output>
  <suite name="Default suite" duration-ms="106" started-at="2022-09-06T12:36:10 IST" finished-at="2022-09-06T12:36:10 IST">
    <groups>
    </groups>
    <test name="Default test" duration-ms="106" started-at="2022-09-06T12:36:10 IST" finished-at="2022-09-06T12:36:10 IST">
      <class name="com.actitime.generic.WelcomeTesting">
        <test-method status="PASS" signature="demoTest()[pri:0, instance:com.actitime.generic.WelcomeTesting@78e67e0a]" name="demoTest" duration-ms="17" started-at="2022-09-06T12:36:10 IST" finished-at="2022-09-06T12:36:10 IST">
          <reporter-output>
            <line>
              <![CDATA[welcome to testing]]>
            </line>
          </reporter-output>
        </test-method> <!-- demoTest -->
      </class> <!-- com.actitime.generic.WelcomeTesting -->
    </test> <!-- Default test -->
  </suite> <!-- Default suite -->
</testng-results>
